2026-05-12 07:54:03.592 INFO  [d.d.modelo.datos.ConfiguracionBD] - Configuracion BD cargada desde 'db.properties': 127.0.0.1:3306/control_asistencia
2026-05-12 07:54:03.604 INFO  [d.d.modelo.datos.GestorConexiones] - Driver MySQL registrado correctamente
2026-05-12 07:54:03.854 INFO  [d.d.modelo.datos.GestorConexiones] - Conexion a la BD verificada
2026-05-12 07:54:04.659 INFO  [dev.danipraivet.vista.Aplicacion] - Navegando a vista: Login
2026-05-12 07:54:04.979 INFO  [dev.danipraivet.vista.Aplicacion] - Aplicacion iniciada correctamente
2026-05-12 07:54:16.703 DEBUG [d.d.modelo.datos.GestorConexiones] - Creando nueva conexion para rol [Empleado]
2026-05-12 07:54:16.767 DEBUG [d.d.modelo.datos.GestorConexiones] - Conexion devuelta al pool [Empleado] - disponibles: 1
2026-05-12 07:54:17.073 DEBUG [d.d.modelo.datos.GestorConexiones] - Reutilizando conexion del pool [Empleado] - disponibles: 0
2026-05-12 07:54:17.083 DEBUG [d.d.modelo.datos.GestorConexiones] - Conexion devuelta al pool [Empleado] - disponibles: 1
2026-05-12 07:54:17.083 INFO  [d.d.m.servicio.ServicioAutenticacion] - Login exitoso - usuario: 'mmartinez', rol: Recursos Humanos
2026-05-12 07:54:17.083 INFO  [d.d.controlador.ControladorLogin] - Redirigiendo a vista para rol: Recursos Humanos
2026-05-12 07:54:18.708 DEBUG [d.d.modelo.datos.GestorConexiones] - Creando nueva conexion para rol [Recursos Humanos]
2026-05-12 07:54:18.758 DEBUG [d.d.modelo.datos.GestorConexiones] - Conexion devuelta al pool [Recursos Humanos] - disponibles: 1
2026-05-12 07:54:19.559 INFO  [dev.danipraivet.vista.Aplicacion] - Navegando a vista: RRHH
2026-05-12 07:54:19.573 DEBUG [d.d.modelo.datos.GestorConexiones] - Reutilizando conexion del pool [Recursos Humanos] - disponibles: 0
2026-05-12 07:54:19.578 DEBUG [d.d.modelo.datos.GestorConexiones] - Conexion devuelta al pool [Recursos Humanos] - disponibles: 1
2026-05-12 07:54:19.581 DEBUG [d.d.modelo.datos.GestorConexiones] - Reutilizando conexion del pool [Recursos Humanos] - disponibles: 0
2026-05-12 07:54:19.592 DEBUG [d.d.modelo.datos.GestorConexiones] - Conexion devuelta al pool [Recursos Humanos] - disponibles: 1
2026-05-12 07:54:19.600 DEBUG [d.d.modelo.datos.GestorConexiones] - Reutilizando conexion del pool [Recursos Humanos] - disponibles: 0
2026-05-12 07:54:19.605 DEBUG [d.d.modelo.datos.GestorConexiones] - Conexion devuelta al pool [Recursos Humanos] - disponibles: 1
2026-05-12 07:54:19.606 DEBUG [d.d.modelo.datos.GestorConexiones] - Reutilizando conexion del pool [Recursos Humanos] - disponibles: 0
2026-05-12 07:54:19.608 DEBUG [d.d.modelo.datos.GestorConexiones] - Conexion devuelta al pool [Recursos Humanos] - disponibles: 1
2026-05-12 07:54:51.319 INFO  [dev.danipraivet.vista.Aplicacion] - Cerrando aplicacion y liberando conexiones...
2026-05-12 07:54:51.323 INFO  [d.d.modelo.datos.GestorConexiones] - Pool cerrado. 2 conexiones liberadas.
2026-05-12 14:22:41.344 INFO  [d.d.modelo.datos.ConfiguracionBD] - Configuracion BD cargada desde 'db.properties': 127.0.0.1:3306/control_asistencia
2026-05-12 14:22:41.352 INFO  [d.d.modelo.datos.GestorConexiones] - Driver MySQL registrado correctamente
2026-05-12 14:22:41.448 ERROR [d.d.modelo.datos.GestorConexiones] - Error al verificar la BD: Communications link failure

The last packet sent successfully to the server was 0 milliseconds ago. The driver has not received any packets from the server.
2026-05-12 14:22:41.448 ERROR [dev.danipraivet.vista.Aplicacion] - No se pudo conectar a la base de datos. Comprueba la configuracion.
2026-05-12 14:22:45.685 INFO  [dev.danipraivet.vista.Aplicacion] - Cerrando aplicacion y liberando conexiones...
2026-05-12 14:22:45.686 INFO  [d.d.modelo.datos.GestorConexiones] - Pool cerrado. 0 conexiones liberadas.
